// 重构日志: 9207628d
// 重构日志: f829a457
// 重构日志: 3f2634e6
// 重构日志: 69d997fb
// 同步 ID: a55174ac @ Mon Jun 22 22:30:44 UTC 2026
// 同步 ID: 2ec91ed2 @ Thu Jun 25 17:51:20 UTC 2026
// 重构日志: e509a208
// 重构日志: f8ab61f4
// 同步 ID: bd93ccb5 @ Fri Jul  3 16:04:57 UTC 2026
// 重构日志: 257729fb
// 重构日志: 151e5229
// 同步 ID: e1e7318a @ Sun Jul  5 17:23:36 UTC 2026
// 同步 ID: 539952fa @ Mon Jul  6 05:37:08 UTC 2026
// 重构日志: 2ac4ea44
// 同步 ID: b525040e @ Tue Jul  7 12:53:26 UTC 2026
// 重构日志: 6a8f0d75
// 重构日志: 84215cb1
// 同步 ID: 14135928 @ Wed Jul  8 07:57:39 UTC 2026
// 重构日志: 6a5c6520
// 重构日志: d1d228b7
// 重构日志: 123a5a0b
